
Thu Feb  2 15:42:07 2023 - code-review--build-buffer - (wrong-number-of-arguments (6 . 7) 8)

Thu Feb  2 15:42:27 2023 - code-review--build-buffer - (wrong-number-of-arguments (6 . 7) 8)

Thu Feb  2 15:44:32 2023 - code-review--build-buffer - (wrong-number-of-arguments (6 . 7) 8)

Thu Feb  2 15:45:45 2023 - code-review--build-buffer - (wrong-number-of-arguments (6 . 7) 8)

Thu Feb  2 15:49:02 2023 - code-review--build-buffer - (wrong-number-of-arguments (6 . 7) 8)

Thu Feb  2 16:06:55 2023 - code-review--build-buffer - (wrong-number-of-arguments (6 . 7) 8)

Thu Feb  2 17:08:15 2023 - code-review-github-errback - ((error http 422 ((message . "Unprocessable Entity") (errors "You need to leave a comment indicating the requested changes.") (documentation_url . "https://docs.github.com/rest/reference/pulls#create-a-review-for-a-pull-request"))) (("Server" . "GitHub.com") ("Date" . "Thu, 02 Feb 2023 17:08:15 GMT") ("Content-Type" . "application/json; charset=utf-8") ("Content-Length" . "211") ("X-OAuth-Scopes" . "read:org, repo, user") ("X-GitHub-Media-Type" . "github.v3; format=json") ("x-github-api-version-selected" . "2022-11-28") ("X-RateLimit-Limit" . "5000") ("X-RateLimit-Remaining" . "4985") ("X-RateLimit-Reset" . "1675359783") ("X-RateLimit-Used" . "15") ("X-RateLimit-Resource" . "core") ("Access-Control-Expose-Headers" . "ETag, Link, Location, Retry-After, X-GitHub-OTP, X-RateLimit-Limit, X-RateLimit-Remaining, X-RateLimit-Used, X-RateLimit-Resource, X-RateLimit-Reset, X-OAuth-Scopes, X-Accepted-OAuth-Scopes, X-Poll-Interval, X-GitHub-Media-Type, X-GitHub-SSO, X-GitHub-Request-Id, Deprecation, Sunset") ("Access-Control-Allow-Origin" . "*") ("Strict-Transport-Security" . "max-age=31536000; includeSubdomains; preload") ("X-Frame-Options" . "deny") ("X-Content-Type-Options" . "nosniff") ("X-XSS-Protection" . "0") ("Referrer-Policy" . "origin-when-cross-origin, strict-origin-when-cross-origin") ("Content-Security-Policy" . "default-src 'none'") ("Vary" . "Accept-Encoding, Accept, X-Requested-With") ("X-GitHub-Request-Id" . "DAB8:ACC7:33F3FB:34F27F:63DBEDFF")) (:error (error http 422 ((message . "Unprocessable Entity") (errors "You need to leave a comment indicating the requested changes.") (documentation_url . "https://docs.github.com/rest/reference/pulls#create-a-review-for-a-pull-request"))) :peer (:certificates ((:version 3 :serial-number "02:74:87:f4:82:d0:7c:b0:e8:41:cf:0a:29:35:7e:9b" :issuer "C=US,O=DigiCert Inc,CN=DigiCert TLS Hybrid ECC SHA384 2020 CA1" :valid-from "2022-03-16" :valid-to "2023-03-16" :subject "C=US,ST=California,L=San Francisco,O=GitHub\\, Inc.,CN=*.github.com" :public-key-algorithm "EC/ECDSA" :certificate-security-level "High" :signature-algorithm "ECDSA-SHA384" :public-key-id "sha1:3c:44:2f:c0:73:92:af:34:6b:90:16:85:b8:7d:bf:3e:2c:89:d7:8c" :certificate-id "sha1:29:70:30:74:ca:3c:48:f5:4a:79:c6:2d:11:57:a2:41:2a:2d:7d:5c" :pem "-----BEGIN CERTIFICATE-----
MIIFZzCCBO6gAwIBAgIQAnSH9ILQfLDoQc8KKTV+mzAKBggqhkjOPQQDAzBWMQsw
CQYDVQQGEwJVUzEVMBMGA1UEChMMRGlnaUNlcnQgSW5jMTAwLgYDVQQDEydEaWdp
Q2VydCBUTFMgSHlicmlkIEVDQyBTSEEzODQgMjAyMCBDQTEwHhcNMjIwMzE2MDAw
MDAwWhcNMjMwMzE2MjM1OTU5WjBoMQswCQYDVQQGEwJVUzETMBEGA1UECBMKQ2Fs
aWZvcm5pYTEWMBQGA1UEBxMNU2FuIEZyYW5jaXNjbzEVMBMGA1UEChMMR2l0SHVi
LCBJbmMuMRUwEwYDVQQDDAwqLmdpdGh1Yi5jb20wWTATBgcqhkjOPQIBBggqhkjO
PQMBBwNCAARIb1gNoZrYHCt+5vNwBAU6Mx3vXDPyh+KkTCfkI3UYCvn93lPgXyQb
Ttqmy/y3l6afkW5+b+4xbWIle6D/3r9Bo4IDijCCA4YwHwYDVR0jBBgwFoAUCrwI
KReMpTlteg7OM8cus+37w3owHQYDVR0OBBYEFPxlb3xHAP8XtGvY1qhzy2K99THo
MCMGA1UdEQQcMBqCDCouZ2l0aHViLmNvbYIKZ2l0aHViLmNvbTAOBgNVHQ8BAf8E
BAMCB4AwHQYDVR0lBBYwFAYIKwYBBQUHAwEGCCsGAQUFBwMCMIGbBgNVHR8EgZMw
gZAwRqBEoEKGQGh0dHA6Ly9jcmwzLmRpZ2ljZXJ0LmNvbS9EaWdpQ2VydFRMU0h5
YnJpZEVDQ1NIQTM4NDIwMjBDQTEtMS5jcmwwRqBEoEKGQGh0dHA6Ly9jcmw0LmRp
Z2ljZXJ0LmNvbS9EaWdpQ2VydFRMU0h5YnJpZEVDQ1NIQTM4NDIwMjBDQTEtMS5j
cmwwPgYDVR0gBDcwNTAzBgZngQwBAgIwKTAnBggrBgEFBQcCARYbaHR0cDovL3d3
dy5kaWdpY2VydC5jb20vQ1BTMIGFBggrBgEFBQcBAQR5MHcwJAYIKwYBBQUHMAGG
GGh0dHA6Ly9vY3NwLmRpZ2ljZXJ0LmNvbTBPBggrBgEFBQcwAoZDaHR0cDovL2Nh
Y2VydHMuZGlnaWNlcnQuY29tL0RpZ2lDZXJ0VExTSHlicmlkRUNDU0hBMzg0MjAy
MENBMS0xLmNydDAJBgNVHRMEAjAAMIIBfQYKKwYBBAHWeQIEAgSCAW0EggFpAWcA
dQCt9776fP8QyIudPZwePhhqtGcpXc+xDCTKhYY069yCigAAAX+SOmyXAAAEAwBG
MEQCIACuiIEAOhMFn4ippfskCwgwcUCWfGTc+bwID8xLbueRAiBBLeHu31IreBwZ
l3ugr6/KfW9IqA8OQ7XgGlBUWErxxAB3ADXPGRu/sWxXvw+tTG1Cy7u2JyAmUeo/
4SrvqAPDO9ZMAAABf5I6bJcAAAQDAEgwRgIhAI/nbP4LpHcB1dlxle1FIblULpEZ
QkkEQLBT6ZOBNeaWAiEA7PsoTFPIJuD+Eo245DSCCfu0cZKmGwX8VZtHRBFPlX8A
dQCzc3cH4YRQ+GOG1gWp3BEJSnktsWcMC4fc8AMOeTalmgAAAX+SOmzEAAAEAwBG
MEQCIDqisYrdFm0laYJiZqZII6D2N9qmy1E42DvY178dZE92AiBGAE8xPDVm23lf
vQRCLO1PO5GxHsZq0tl/gjBS1dYzpDAKBggqhkjOPQQDAwNnADBkAjB4nbrDy4J4
BtaUrquwkgQtOboZ4UaO0kDlNbP/AvJ+NuJejyCQ/e3eV3cpGDJTHY8CMDNQXbqw
imW1ipqB2Zn9r8IVBqfkAaaBDSeb49ZHOtJqX0m+5wgG/LXCjhGCWJX9PQ==
-----END CERTIFICATE-----
") (:version 3 :serial-number "07:f2:f3:5c:87:a8:77:af:7a:ef:e9:47:99:35:25:bd" :issuer "C=US,O=DigiCert Inc,OU=www.digicert.com,CN=DigiCert Global Root CA" :valid-from "2021-04-14" :valid-to "2031-04-13" :subject "C=US,O=DigiCert Inc,CN=DigiCert TLS Hybrid ECC SHA384 2020 CA1" :public-key-algorithm "EC/ECDSA" :certificate-security-level "Ultra" :signature-algorithm "RSA-SHA384" :public-key-id "sha1:3f:a4:c2:7e:9c:9c:89:2c:6b:98:6c:1c:3e:1f:40:20:49:d4:48:5f" :certificate-id "sha1:ae:c1:3c:dd:5e:a6:a3:99:8a:ec:14:ac:33:1a:d9:6b:ed:bb:77:0f" :pem "-----BEGIN CERTIFICATE-----
MIIEFzCCAv+gAwIBAgIQB/LzXIeod6967+lHmTUlvTANBgkqhkiG9w0BAQwFADBh
MQswCQYDVQQGEwJVUzEVMBMGA1UEChMMRGlnaUNlcnQgSW5jMRkwFwYDVQQLExB3
d3cuZGlnaWNlcnQuY29tMSAwHgYDVQQDExdEaWdpQ2VydCBHbG9iYWwgUm9vdCBD
QTAeFw0yMTA0MTQwMDAwMDBaFw0zMTA0MTMyMzU5NTlaMFYxCzAJBgNVBAYTAlVT
MRUwEwYDVQQKEwxEaWdpQ2VydCBJbmMxMDAuBgNVBAMTJ0RpZ2lDZXJ0IFRMUyBI
eWJyaWQgRUNDIFNIQTM4NCAyMDIwIENBMTB2MBAGByqGSM49AgEGBSuBBAAiA2IA
BMEbxppbmNmkKaDp1AS12+umsmxVwP/tmMZJLwYnUcu/cMEFesOxnYeJuq20ExfJ
qLSDyLiQ0cx0NTY8g3KwtdD3ImnI8YDEe0CPz2iHJlw5ifFNkU3aiYvkA8ND5b8v
c6OCAYIwggF+MBIGA1UdEwEB/wQIMAYBAf8CAQAwHQYDVR0OBBYEFAq8CCkXjKU5
bXoOzjPHLrPt+8N6MB8GA1UdIwQYMBaAFAPeUDVW0Uy7ZvCj4hsbw5eyPdFVMA4G
A1UdDwEB/wQEAwIBhjAdBgNVHSUEFjAUBggrBgEFBQcDAQYIKwYBBQUHAwIwdgYI
KwYBBQUHAQEEajBoMCQGCCsGAQUFBzABhhhodHRwOi8vb2NzcC5kaWdpY2VydC5j
b20wQAYIKwYBBQUHMAKGNGh0dHA6Ly9jYWNlcnRzLmRpZ2ljZXJ0LmNvbS9EaWdp
Q2VydEdsb2JhbFJvb3RDQS5jcnQwQgYDVR0fBDswOTA3oDWgM4YxaHR0cDovL2Ny
bDMuZGlnaWNlcnQuY29tL0RpZ2lDZXJ0R2xvYmFsUm9vdENBLmNybDA9BgNVHSAE
NjA0MAsGCWCGSAGG/WwCATAHBgVngQwBATAIBgZngQwBAgEwCAYGZ4EMAQICMAgG
BmeBDAECAzANBgkqhkiG9w0BAQwFAAOCAQEAR1mBf9QbH7Bx9phdGLqYR5iwfnYr
6v8ai6wms0KNMeZK6BnQ79oU59cUkqGS8qcuLa/7Hfb7U7CKP/zYFgrpsC62pQsY
kDUmotr2qLcy/JUjS8ZFucTP5Hzu5sn4kL1y45nDHQsFfGqXbbKrAjbYwrwsAZI/
BKOLdRHHuSm8EdCGupK8JvllyDfNJvaGEwwEqonleLHBTnm8dqMLUeTF0J5q/hos
Vq4GNiejcxwIfZMy0MJEGdqN9A57HSgDKwmKdsp33Id6rHtSJlWncg+d0ohP/rEh
xRqhqjn1VtvChMQ1H3Dau0bwhr9kAMQ+959GG50jBbl9s08PqUU643QwmA==
-----END CERTIFICATE-----
")) :certificate (:version 3 :serial-number "02:74:87:f4:82:d0:7c:b0:e8:41:cf:0a:29:35:7e:9b" :issuer "C=US,O=DigiCert Inc,CN=DigiCert TLS Hybrid ECC SHA384 2020 CA1" :valid-from "2022-03-16" :valid-to "2023-03-16" :subject "C=US,ST=California,L=San Francisco,O=GitHub\\, Inc.,CN=*.github.com" :public-key-algorithm "EC/ECDSA" :certificate-security-level "High" :signature-algorithm "ECDSA-SHA384" :public-key-id "sha1:3c:44:2f:c0:73:92:af:34:6b:90:16:85:b8:7d:bf:3e:2c:89:d7:8c" :certificate-id "sha1:29:70:30:74:ca:3c:48:f5:4a:79:c6:2d:11:57:a2:41:2a:2d:7d:5c" :pem "-----BEGIN CERTIFICATE-----
MIIFZzCCBO6gAwIBAgIQAnSH9ILQfLDoQc8KKTV+mzAKBggqhkjOPQQDAzBWMQsw
CQYDVQQGEwJVUzEVMBMGA1UEChMMRGlnaUNlcnQgSW5jMTAwLgYDVQQDEydEaWdp
Q2VydCBUTFMgSHlicmlkIEVDQyBTSEEzODQgMjAyMCBDQTEwHhcNMjIwMzE2MDAw
MDAwWhcNMjMwMzE2MjM1OTU5WjBoMQswCQYDVQQGEwJVUzETMBEGA1UECBMKQ2Fs
aWZvcm5pYTEWMBQGA1UEBxMNU2FuIEZyYW5jaXNjbzEVMBMGA1UEChMMR2l0SHVi
LCBJbmMuMRUwEwYDVQQDDAwqLmdpdGh1Yi5jb20wWTATBgcqhkjOPQIBBggqhkjO
PQMBBwNCAARIb1gNoZrYHCt+5vNwBAU6Mx3vXDPyh+KkTCfkI3UYCvn93lPgXyQb
Ttqmy/y3l6afkW5+b+4xbWIle6D/3r9Bo4IDijCCA4YwHwYDVR0jBBgwFoAUCrwI
KReMpTlteg7OM8cus+37w3owHQYDVR0OBBYEFPxlb3xHAP8XtGvY1qhzy2K99THo
MCMGA1UdEQQcMBqCDCouZ2l0aHViLmNvbYIKZ2l0aHViLmNvbTAOBgNVHQ8BAf8E
BAMCB4AwHQYDVR0lBBYwFAYIKwYBBQUHAwEGCCsGAQUFBwMCMIGbBgNVHR8EgZMw
gZAwRqBEoEKGQGh0dHA6Ly9jcmwzLmRpZ2ljZXJ0LmNvbS9EaWdpQ2VydFRMU0h5
YnJpZEVDQ1NIQTM4NDIwMjBDQTEtMS5jcmwwRqBEoEKGQGh0dHA6Ly9jcmw0LmRp
Z2ljZXJ0LmNvbS9EaWdpQ2VydFRMU0h5YnJpZEVDQ1NIQTM4NDIwMjBDQTEtMS5j
cmwwPgYDVR0gBDcwNTAzBgZngQwBAgIwKTAnBggrBgEFBQcCARYbaHR0cDovL3d3
dy5kaWdpY2VydC5jb20vQ1BTMIGFBggrBgEFBQcBAQR5MHcwJAYIKwYBBQUHMAGG
GGh0dHA6Ly9vY3NwLmRpZ2ljZXJ0LmNvbTBPBggrBgEFBQcwAoZDaHR0cDovL2Nh
Y2VydHMuZGlnaWNlcnQuY29tL0RpZ2lDZXJ0VExTSHlicmlkRUNDU0hBMzg0MjAy
MENBMS0xLmNydDAJBgNVHRMEAjAAMIIBfQYKKwYBBAHWeQIEAgSCAW0EggFpAWcA
dQCt9776fP8QyIudPZwePhhqtGcpXc+xDCTKhYY069yCigAAAX+SOmyXAAAEAwBG
MEQCIACuiIEAOhMFn4ippfskCwgwcUCWfGTc+bwID8xLbueRAiBBLeHu31IreBwZ
l3ugr6/KfW9IqA8OQ7XgGlBUWErxxAB3ADXPGRu/sWxXvw+tTG1Cy7u2JyAmUeo/
4SrvqAPDO9ZMAAABf5I6bJcAAAQDAEgwRgIhAI/nbP4LpHcB1dlxle1FIblULpEZ
QkkEQLBT6ZOBNeaWAiEA7PsoTFPIJuD+Eo245DSCCfu0cZKmGwX8VZtHRBFPlX8A
dQCzc3cH4YRQ+GOG1gWp3BEJSnktsWcMC4fc8AMOeTalmgAAAX+SOmzEAAAEAwBG
MEQCIDqisYrdFm0laYJiZqZII6D2N9qmy1E42DvY178dZE92AiBGAE8xPDVm23lf
vQRCLO1PO5GxHsZq0tl/gjBS1dYzpDAKBggqhkjOPQQDAwNnADBkAjB4nbrDy4J4
BtaUrquwkgQtOboZ4UaO0kDlNbP/AvJ+NuJejyCQ/e3eV3cpGDJTHY8CMDNQXbqw
imW1ipqB2Zn9r8IVBqfkAaaBDSeb49ZHOtJqX0m+5wgG/LXCjhGCWJX9PQ==
-----END CERTIFICATE-----
") :key-exchange "ECDHE-RSA" :protocol "TLS1.3" :cipher "AES-128-GCM" :mac "AEAD" :encrypt-then-mac nil)) #s(ghub--req #s(url "https" nil nil "api.github.com" nil "/repos/cambioscience/obrizum/pulls/198/reviews" nil nil t nil t t) nil nil "POST" #[0 "\302\305=\203 \306\307\303\301\242\"B\304\242B\207\310\303\302\301\242\300$\304\242B\207" [nil ("chrishowejones") code-review "api.github.com" ((("Content-Type" . "application/json"))) basic "Authorization" ghub--basic-auth ghub--auth] 5] ghub--handle-response nil t nil #[128 "\303\304\300\305\303#\210\304\300\306\307 #\210\310\300!\210\311
\312\313#)\207" [#s(#s(eieio--class code-review-github-repo nil (#s(eieio--class code-review-db-pullreq nil (#s(eieio--class closql-object nil nil [#s(cl-slot-descriptor closql-database nil t nil)] #s(hash-table size 65 test eq rehash-size 1.5 rehash-threshold 0.8125 data (closql-database 1)) (code-review-db-pullreq code-review-db-comment code-review-db-path code-review-db-buffer forge-object) ((:closql-database . closql-database)) [#s(cl-slot-descriptor closql-order-by nil t nil) #s(cl-slot-descriptor closql-foreign-key nil t nil) #s(cl-slot-descriptor closql-primary-key nil t nil) #s(cl-slot-descriptor closql-table nil t nil) #s(cl-slot-descriptor closql-class-suffix nil t nil) #s(cl-slot-descriptor closql-class-prefix nil t nil)] [nil nil nil nil nil nil] #s(#9 nil) (:custom-groups nil :abstract t))) [#s(cl-slot-descriptor closql-database nil t nil) #s(cl-slot-descriptor id 'eieio--unbound t nil) #s(cl-slot-descriptor base-ref-name nil t nil) #s(cl-slot-descriptor head-ref-name nil t nil) #s(cl-slot-descriptor finished nil t nil) #s(cl-slot-descriptor finished-at nil t nil) #s(cl-slot-descriptor saved nil t nil) #s(cl-slot-descriptor saved-at nil t nil) #s(cl-slot-descriptor raw-infos nil t nil) #s(cl-slot-descriptor raw-diff nil t nil) #s(cl-slot-descriptor raw-comments nil t nil) #s(cl-slot-descriptor owner 'eieio--unbound t nil) #s(cl-slot-descriptor repo 'eieio--unbound t nil) #s(cl-slot-descriptor number 'eieio--unbound t nil) #s(cl-slot-descriptor description nil t nil) #s(cl-slot-descriptor title nil t nil) #s(cl-slot-descriptor host nil t nil) #s(cl-slot-descriptor sha nil t nil) #s(cl-slot-descriptor feedback nil t nil) #s(cl-slot-descriptor state nil t nil) #s(cl-slot-descriptor replies nil t nil) #s(cl-slot-descriptor review nil t nil) #s(cl-slot-descriptor labels nil t nil) #s(cl-slot-descriptor merge nil t nil) #s(cl-slot-descriptor milestones nil t nil) #s(cl-slot-descriptor projects nil t nil) #s(cl-slot-descriptor reviewers nil t nil) #s(cl-slot-descriptor assignees nil t nil) #s(cl-slot-descriptor linked-issues nil t nil) #s(cl-slot-descriptor buffer 'eieio--unbound t ((:closql-class . code-review-db-buffer)))] #s(hash-table size 65 test eq rehash-size 1.5 rehash-threshold 0.8125 data (closql-database 1 id 2 base-ref-name 3 head-ref-name 4 finished 5 finished-at 6 saved 7 saved-at 8 raw-infos 9 raw-diff 10 raw-comments 11 owner 12 repo 13 number 14 description 15 title 16 host 17 sha 18 feedback 19 state 20 replies 21 review 22 labels 23 merge 24 milestones 25 projects 26 reviewers 27 assignees 28 linked-issues 29 buffer 30)) (code-review-bitbucket-repo code-review-gitlab-repo code-review-github-repo) ((:closql-database . closql-database) (:id . id) (:owner . owner) (:repo . repo) (:number . number)) [#s(cl-slot-descriptor closql-class-prefix "code-review-" t nil) #s(cl-slot-descriptor closql-class-suffix nil t nil) #s(cl-slot-descriptor closql-table 'pullreq t nil) #s(cl-slot-descriptor closql-primary-key 'id t nil) #s(cl-slot-descriptor closql-foreign-key nil t nil) #s(cl-slot-descriptor closql-order-by [(desc number)] t nil)] ["code-review-" nil pullreq id nil [(desc number)]] #s(#7 nil eieio--unbound nil nil nil nil nil nil nil nil nil eieio--unbound eieio--unbound eieio--unbound nil nil nil nil nil nil nil nil nil nil nil nil nil nil nil eieio--unbound) (:custom-groups nil :abstract t))) [#s(cl-slot-descriptor closql-database nil t nil) #s(cl-slot-descriptor id 'eieio--unbound t nil) #s(cl-slot-descriptor base-ref-name nil t nil) #s(cl-slot-descriptor head-ref-name nil t nil) #s(cl-slot-descriptor finished nil t nil) #s(cl-slot-descriptor finished-at nil t nil) #s(cl-slot-descriptor saved nil t nil) #s(cl-slot-descriptor saved-at nil t nil) #s(cl-slot-descriptor raw-infos nil t nil) #s(cl-slot-descriptor raw-diff nil t nil) #s(cl-slot-descriptor raw-comments nil t nil) #s(cl-slot-descriptor owner 'eieio--unbound t nil) #s(cl-slot-descriptor repo 'eieio--unbound t nil) #s(cl-slot-descriptor number 'eieio--unbound t nil) #s(cl-slot-descriptor description nil t nil) #s(cl-slot-descriptor title nil t nil) #s(cl-slot-descriptor host nil t nil) #s(cl-slot-descriptor sha nil t nil) #s(cl-slot-descriptor feedback nil t nil) #s(cl-slot-descriptor state nil t nil) #s(cl-slot-descriptor replies nil t nil) #s(cl-slot-descriptor review nil t nil) #s(cl-slot-descriptor labels nil t nil) #s(cl-slot-descriptor merge nil t nil) #s(cl-slot-descriptor milestones nil t nil) #s(cl-slot-descriptor projects nil t nil) #s(cl-slot-descriptor reviewers nil t nil) #s(cl-slot-descriptor assignees nil t nil) #s(cl-slot-descriptor linked-issues nil t nil) #s(cl-slot-descriptor buffer 'eieio--unbound t ((:closql-class . code-review-db-buffer))) #s(cl-slot-descriptor callback nil t nil)] #s(hash-table size 65 test eq rehash-size 1.5 rehash-threshold 0.8125 data (closql-database 1 id 2 base-ref-name 3 head-ref-name 4 finished 5 finished-at 6 saved 7 saved-at 8 raw-infos 9 raw-diff 10 raw-comments 11 owner 12 repo 13 number 14 description 15 title 16 host 17 sha 18 feedback 19 state 20 replies 21 review 22 labels 23 merge 24 milestones 25 projects 26 reviewers 27 assignees 28 linked-issues 29 buffer 30 callback 31)) nil ((:closql-database . closql-database) (:id . id) (:owner . owner) (:repo . repo) (:number . number)) [#s(cl-slot-descriptor closql-order-by [(desc number)] t nil) #s(cl-slot-descriptor closql-foreign-key nil t nil) #s(cl-slot-descriptor closql-primary-key 'id t nil) #s(cl-slot-descriptor closql-table 'pullreq t nil) #s(cl-slot-descriptor closql-class-suffix nil t nil) #s(cl-slot-descriptor closql-class-prefix "code-review-" t nil)] [[(desc number)] nil id pullreq nil "code-review-"] #s(#5 nil eieio--unbound nil nil nil nil nil nil nil nil nil eieio--unbound eieio--unbound eieio--unbound nil nil nil nil nil nil nil nil nil nil nil nil nil nil nil eieio--unbound nil) (:custom-groups nil)) #s(code-review-db-database #<process emacsql-sqlite<1>> #<buffer  *emacsql-log*-597065> #<finalizer> "/home/chris/.emacs.d/code-review-db-file.sqlite") "42e265f8-82bb-47e8-be07-c73eb8d75156" "master" "OBR-960" t "Thu Feb  2 17:07:23 2023" nil nil ((id . "PR_kwDOFQcPnc5JGhqk") (author (login . "OBRFrancis") (url . "https://github.com/OBRFrancis")) (headRefOid . "4a5799fbf4230cb9a070e8f7e927acecd70b14a7") (baseRefName . "master") (headRefName . "OBR-960") (isDraft) (databaseId . 1226447524) (number . 198) (createdAt . "2023-02-02T11:51:08Z") (updatedAt . "2023-02-02T17:07:22Z") (latestOpinionatedReviews (nodes ((author (login . "chrishowejones") (url . "https://github.com/chrishowejones")) (createdAt . "2023-02-02T17:07:22Z") (state . "APPROVED")) ((author (login . "EduardoMRB") (url . "https://github.com/EduardoMRB")) (createdAt . "2023-02-02T12:53:00Z") (state . "APPROVED")))) (reviewRequests (nodes)) (files (nodes ((path . "bases/space-invader/src/main/app/ui/tag.cljs") (additions . 5) (deletions . 4)))) (milestone) (labels (nodes)) (assignees (nodes)) (projectCards (nodes)) (suggestedReviewers) (commits (totalCount . 1) (nodes ((commit (abbreviatedOid . "4a5799f") (message . "[OBR-960] fix link edit for CKEditor in modal") (statusCheckRollup (state . "SUCCESS") (contexts (nodes ((startedAt . "2023-02-02T11:51:21Z") (completedAt . "2023-02-02T11:55:16Z") (name . "test (space-invader)") (text) (title) (summary) (status . "COMPLETED") (conclusion . "SUCCESS") (detailsUrl . "https://github.com/cambioscience/obrizum/actions/runs/4074164873/jobs/7018972348") (checkSuite (app (id . "MDM6QXBwMTUzNjg=") (name . "GitHub Actions") (description . "Automate your workflow from idea to production") (slug . "github-actions") (logoUrl . "https://avatars.githubusercontent.com/in/15368?u=167a342ed94d2a713daf64a8b476ead2cebe1852&v=4")) (workflowRun (workflow (name . "Test"))))) ((startedAt . "2023-02-02T11:51:20Z") (completedAt . "2023-02-02T11:52:03Z") (name . "test (obrio)") (text) (title) (summary) (status . "COMPLETED") (conclusion . "SUCCESS") (detailsUrl . "https://github.com/cambioscience/obrizum/actions/runs/4074164873/jobs/7018972472") (checkSuite (app (id . "MDM6QXBwMTUzNjg=") (name . "GitHub Actions") (description . "Automate your workflow from idea to production") (slug . "github-actions") (logoUrl . "https://avatars.githubusercontent.com/in/15368?u=167a342ed94d2a713daf64a8b476ead2cebe1852&v=4")) (workflowRun (workflow (name . "Test"))))) ((startedAt . "2023-02-02T11:51:21Z") (completedAt . "2023-02-02T11:52:18Z") (name . "test (customer-api)") (text) (title) (summary) (status . "COMPLETED") (conclusion . "SUCCESS") (detailsUrl . "https://github.com/cambioscience/obrizum/actions/runs/4074164873/jobs/7018972634") (checkSuite (app (id . "MDM6QXBwMTUzNjg=") (name . "GitHub Actions") (description . "Automate your workflow from idea to production") (slug . "github-actions") (logoUrl . "https://avatars.githubusercontent.com/in/15368?u=167a342ed94d2a713daf64a8b476ead2cebe1852&v=4")) (workflowRun (workflow (name . "Test"))))) ((startedAt . "2023-02-02T11:51:20Z") (completedAt . "2023-02-02T11:52:10Z") (name . "test (redshift)") (text) (title) (summary) (status . "COMPLETED") (conclusion . "SUCCESS") (detailsUrl . "https://github.com/cambioscience/obrizum/actions/runs/4074164873/jobs/7018972772") (checkSuite (app (id . "MDM6QXBwMTUzNjg=") (name . "GitHub Actions") (description . "Automate your workflow from idea to production") (slug . "github-actions") (logoUrl . "https://avatars.githubusercontent.com/in/15368?u=167a342ed94d2a713daf64a8b476ead2cebe1852&v=4")) (workflowRun (workflow (name . "Test")))))))))))) (title . "[OBR-960] fix link edit for CKEditor in modal") (state . "MERGED") (bodyHTML . "<p dir=\"auto\">The problem was that with <code class=\"notranslate\">focusLock</code> on, focus was prevented (by the modal) from being passed to elements outside the modal; this affects the link edit for CKE which is created by CKE at the bottom of the DOM</p>") (bodyText . "The problem was that with focusLock on, focus was prevented (by the modal) from being passed to elements outside the modal; this affects the link edit for CKE which is created by CKE at the bottom of the DOM") (reactions (nodes)) (comments (nodes)) (reviews (nodes ((typename . "PullRequestReview") (author (login . "EduardoMRB")) (bodyHTML . "<p dir=\"auto\">LGTM!</p>") (state . "APPROVED") (createdAt . "2023-02-02T12:53:00Z") (databaseId . 1281001232) (updatedAt . "2023-02-02T12:53:00Z") (comments (nodes))) ((typename . "PullRequestReview") (author (login . "chrishowejones")) (bodyHTML . "") (state . "APPROVED") (createdAt . "2023-02-02T17:07:22Z") (databaseId . 1281492143) (updatedAt . "2023-02-02T17:07:22Z") (comments (nodes)))))) "diff --git bases/space-invader/src/main/app/ui/tag.cljs bases/space-invader/src/main/app/ui/tag.cljs
index 21ccf1cb..514b4900 100644
--- bases/space-invader/src/main/app/ui/tag.cljs
+++ bases/space-invader/src/main/app/ui/tag.cljs
@@ -28,7 +28,8 @@
      :onClose #(m/toggle!! this :ui/editing?)
      :closeable true
      :animate true
-     :autoFocus true}
+     :autoFocus true
+     :focusLock false}
     (modal/modal-header {}
       \"Edit tag: \" tran)
     (modal/modal-body {}
@@ -45,18 +46,18 @@
            :value (or summary \"\")}))
       (inputs/form-control {:label \"Description\"}
         (components/ui-ck-editor
-          {:value (or description)
+          {:value description
            :on-change #(m/set-string!! this :text/description :value %)
            :on-ready #(log/info \"Init\")}))
       (inputs/form-control {:label \"Learning Outcomes\"}
         (inputs/textarea
           {:id (str \"learning-outcomes-\" id)
-           :value (or learning-outcomes)
+           :value (or learning-outcomes \"\")
            :onChange #(m/set-string!! this :text/learning-outcomes :event %)}))
       (inputs/form-control {:label \"Info\"}
         (inputs/textarea
           {:id (str \"info-\" id)
-           :value (or info)
+           :value (or info \"\")
            :onChange #(m/set-string!! this :text/info :event %)})))
     (modal/modal-footer {}
       (modal/modal-button {:kind \"tertiary\" :onClick #(m/toggle!! this :ui/editing?)}" (((typename . "PullRequestReview") (author (login . "EduardoMRB")) (bodyHTML . "<p dir=\"auto\">LGTM!</p>") (state . "APPROVED") (createdAt . "2023-02-02T12:53:00Z") (databaseId . 1281001232) (updatedAt . "2023-02-02T12:53:00Z") (comments (nodes))) ((typename . "PullRequestReview") (author (login . "chrishowejones")) (bodyHTML . "") (state . "APPROVED") (createdAt . "2023-02-02T17:07:22Z") (databaseId . 1281492143) (updatedAt . "2023-02-02T17:07:22Z") (comments (nodes)))) "cambioscience" "obrizum" "198" "<p dir=\"auto\">The problem was that with <code class=\"notranslate\">focusLock</code> on, focus was prevented (by the modal) from being passed to elements outside the modal; this affects the link edit for CKE which is created by CKE at the bottom of the DOM</p>" "[OBR-960] fix link edit for CKEditor in modal" nil "4a5799fbf4230cb9a070e8f7e927acecd70b14a7" nil "MERGED" nil nil nil nil ((title) (perc) (number)) nil nil nil nil eieio--unbound nil) code-review-section-full-refresh? code-review-buffer-name t eieio-oset finished finished-at current-time-string code-review-db-update code-review--build-buffer nil "Done submitting review"] 5 "

(fn &rest _)"] code-review-github-errback nil nil))
